[ 2025-01-11 03:53:41,608 ] 1025 httpx - INFO - HTTP Request: GET https://dagshub.com/api/v1/user "HTTP/1.1 200 OK"
[ 2025-01-11 03:53:41,624 ] 107 dagshub - INFO - Accessing as munal
[ 2025-01-11 03:53:42,252 ] 1025 httpx - INFO - HTTP Request: GET https://dagshub.com/api/v1/repos/munal/network-security "HTTP/1.1 200 OK"
[ 2025-01-11 03:53:42,738 ] 1025 httpx - INFO - HTTP Request: GET https://dagshub.com/api/v1/user "HTTP/1.1 200 OK"
[ 2025-01-11 03:53:42,738 ] 107 dagshub - INFO - Initialized MLflow to track repo "munal/network-security"
[ 2025-01-11 03:53:42,754 ] 107 dagshub - INFO - Repository munal/network-security initialized!
[ 2025-01-11 03:53:42,754 ] 20 root - INFO - Initiate the data ingestion
[ 2025-01-11 03:53:54,889 ] 65 root - INFO - Performed train test split on the dataframe
[ 2025-01-11 03:53:54,889 ] 67 root - INFO - Exited split_data_as_train_test method of Data_Ingestion class
[ 2025-01-11 03:53:54,889 ] 75 root - INFO - Exporting train and test file path.
[ 2025-01-11 03:53:55,030 ] 84 root - INFO - Exported train and test file path.
[ 2025-01-11 03:53:55,030 ] 22 root - INFO - Data Initiation Completed
[ 2025-01-11 03:53:55,058 ] 26 root - INFO - Initiate the data Validation
[ 2025-01-11 03:53:55,115 ] 32 root - INFO - Required number of columns:2
[ 2025-01-11 03:53:55,115 ] 33 root - INFO - Data frame has columns:31
[ 2025-01-11 03:53:55,115 ] 32 root - INFO - Required number of columns:2
[ 2025-01-11 03:53:55,115 ] 33 root - INFO - Data frame has columns:31
[ 2025-01-11 03:53:55,430 ] 28 root - INFO - data Validation Completed
[ 2025-01-11 03:53:55,446 ] 31 root - INFO - data Transformation started
[ 2025-01-11 03:53:55,446 ] 63 root - INFO - Entered initiate_data_transformation method of DataTransformation class
[ 2025-01-11 03:53:55,446 ] 65 root - INFO - Starting data transformation
[ 2025-01-11 03:53:55,507 ] 48 root - INFO - Entered get_data_trnasformer_object method of Trnasformation class
[ 2025-01-11 03:53:55,507 ] 53 root - INFO - Initialise KNNImputer with {'missing_values': nan, 'n_neighbors': 3, 'weights': 'uniform'}
[ 2025-01-11 03:53:55,631 ] 46 root - INFO - Entered the save_object method of MainUtils class
[ 2025-01-11 03:53:55,641 ] 50 root - INFO - Exited the save_object method of MainUtils class
[ 2025-01-11 03:53:55,641 ] 46 root - INFO - Entered the save_object method of MainUtils class
[ 2025-01-11 03:53:55,660 ] 50 root - INFO - Exited the save_object method of MainUtils class
[ 2025-01-11 03:53:55,673 ] 35 root - INFO - data Transformation completed
[ 2025-01-11 03:53:55,673 ] 36 root - INFO - Model Training stared
