[ 2025-01-11 15:37:09,502 ] 1025 httpx - INFO - HTTP Request: GET https://dagshub.com/api/v1/user "HTTP/1.1 200 OK"
[ 2025-01-11 15:37:09,517 ] 107 dagshub - INFO - Accessing as munal
[ 2025-01-11 15:37:10,110 ] 1025 httpx - INFO - HTTP Request: GET https://dagshub.com/api/v1/repos/munal/network-security "HTTP/1.1 200 OK"
[ 2025-01-11 15:37:10,660 ] 1025 httpx - INFO - HTTP Request: GET https://dagshub.com/api/v1/user "HTTP/1.1 200 OK"
[ 2025-01-11 15:37:10,676 ] 107 dagshub - INFO - Initialized MLflow to track repo "munal/network-security"
[ 2025-01-11 15:37:10,676 ] 107 dagshub - INFO - Repository munal/network-security initialized!
[ 2025-01-11 15:37:54,766 ] 42 root - INFO - Start data Ingestion
[ 2025-01-11 15:38:03,231 ] 65 root - INFO - Performed train test split on the dataframe
[ 2025-01-11 15:38:03,231 ] 67 root - INFO - Exited split_data_as_train_test method of Data_Ingestion class
[ 2025-01-11 15:38:03,232 ] 75 root - INFO - Exporting train and test file path.
[ 2025-01-11 15:38:03,502 ] 84 root - INFO - Exported train and test file path.
[ 2025-01-11 15:38:03,504 ] 45 root - INFO - Data Ingestion completed and artifact: DataIngestionArtifact(trained_file_path='Artifacts\\01_11_2025_15_36_01\\data_ingestion\\ingested\\train.csv', test_file_path='Artifacts\\01_11_2025_15_36_01\\data_ingestion\\ingested\\test.csv')
[ 2025-01-11 15:38:03,569 ] 55 root - INFO - Initiate the data Validation
[ 2025-01-11 15:38:03,658 ] 32 root - INFO - Required number of columns:2
[ 2025-01-11 15:38:03,659 ] 33 root - INFO - Data frame has columns:31
[ 2025-01-11 15:38:03,659 ] 32 root - INFO - Required number of columns:2
[ 2025-01-11 15:38:03,660 ] 33 root - INFO - Data frame has columns:31
[ 2025-01-11 15:38:04,176 ] 63 root - INFO - Entered initiate_data_transformation method of DataTransformation class
[ 2025-01-11 15:38:04,176 ] 65 root - INFO - Starting data transformation
[ 2025-01-11 15:38:04,269 ] 48 root - INFO - Entered get_data_trnasformer_object method of Trnasformation class
[ 2025-01-11 15:38:04,269 ] 53 root - INFO - Initialise KNNImputer with {'missing_values': nan, 'n_neighbors': 3, 'weights': 'uniform'}
[ 2025-01-11 15:38:04,313 ] 46 root - INFO - Entered the save_object method of MainUtils class
[ 2025-01-11 15:38:04,319 ] 50 root - INFO - Exited the save_object method of MainUtils class
[ 2025-01-11 15:38:04,319 ] 46 root - INFO - Entered the save_object method of MainUtils class
[ 2025-01-11 15:38:04,328 ] 50 root - INFO - Exited the save_object method of MainUtils class
[ 2025-01-11 15:46:25,096 ] 46 root - INFO - Entered the save_object method of MainUtils class
[ 2025-01-11 15:46:25,098 ] 50 root - INFO - Exited the save_object method of MainUtils class
[ 2025-01-11 15:46:25,098 ] 46 root - INFO - Entered the save_object method of MainUtils class
[ 2025-01-11 15:46:25,234 ] 50 root - INFO - Exited the save_object method of MainUtils class
[ 2025-01-11 15:46:25,235 ] 152 root - INFO - Model trainer artifact: ModelTrainerArtifact(trained_model_file_path='Artifacts\\01_11_2025_15_36_01\\model_trainer\\trained_model\\model.pkl', train_metric_artifact=ClassificationMetricArtifact(f1_score=0.9916768168899716, precision_score=0.9892669096800324, recall_score=0.994098494098494), test_metric_artifact=ClassificationMetricArtifact(f1_score=0.9728, precision_score=0.9673826571201273, recall_score=0.9782783588093322))
