[ 2025-01-11 04:50:53,080 ] 1025 httpx - INFO - HTTP Request: GET https://dagshub.com/api/v1/user "HTTP/1.1 200 OK"
[ 2025-01-11 04:50:53,111 ] 107 dagshub - INFO - Accessing as munal
[ 2025-01-11 04:50:53,476 ] 1025 httpx - INFO - HTTP Request: GET https://dagshub.com/api/v1/repos/munal/network-security "HTTP/1.1 200 OK"
[ 2025-01-11 04:50:53,844 ] 1025 httpx - INFO - HTTP Request: GET https://dagshub.com/api/v1/user "HTTP/1.1 200 OK"
[ 2025-01-11 04:50:53,860 ] 107 dagshub - INFO - Initialized MLflow to track repo "munal/network-security"
[ 2025-01-11 04:50:53,870 ] 107 dagshub - INFO - Repository munal/network-security initialized!
[ 2025-01-11 04:53:41,442 ] 39 root - INFO - Start data Ingestion
[ 2025-01-11 04:53:50,118 ] 65 root - INFO - Performed train test split on the dataframe
[ 2025-01-11 04:53:50,118 ] 67 root - INFO - Exited split_data_as_train_test method of Data_Ingestion class
[ 2025-01-11 04:53:50,118 ] 75 root - INFO - Exporting train and test file path.
[ 2025-01-11 04:53:50,296 ] 84 root - INFO - Exported train and test file path.
[ 2025-01-11 04:53:50,296 ] 42 root - INFO - Data Ingestion completed and artifact: DataIngestionArtifact(trained_file_path='Artifacts\\01_11_2025_04_50_46\\data_ingestion\\ingested\\train.csv', test_file_path='Artifacts\\01_11_2025_04_50_46\\data_ingestion\\ingested\\test.csv')
[ 2025-01-11 04:53:50,331 ] 52 root - INFO - Initiate the data Validation
[ 2025-01-11 04:53:50,379 ] 32 root - INFO - Required number of columns:2
[ 2025-01-11 04:53:50,379 ] 33 root - INFO - Data frame has columns:31
[ 2025-01-11 04:53:50,379 ] 32 root - INFO - Required number of columns:2
[ 2025-01-11 04:53:50,379 ] 33 root - INFO - Data frame has columns:31
[ 2025-01-11 04:53:50,989 ] 63 root - INFO - Entered initiate_data_transformation method of DataTransformation class
[ 2025-01-11 04:53:50,989 ] 65 root - INFO - Starting data transformation
[ 2025-01-11 04:53:51,052 ] 48 root - INFO - Entered get_data_trnasformer_object method of Trnasformation class
[ 2025-01-11 04:53:51,052 ] 53 root - INFO - Initialise KNNImputer with {'missing_values': nan, 'n_neighbors': 3, 'weights': 'uniform'}
[ 2025-01-11 04:53:51,099 ] 46 root - INFO - Entered the save_object method of MainUtils class
[ 2025-01-11 04:53:51,099 ] 50 root - INFO - Exited the save_object method of MainUtils class
[ 2025-01-11 04:53:51,099 ] 46 root - INFO - Entered the save_object method of MainUtils class
[ 2025-01-11 04:53:51,115 ] 50 root - INFO - Exited the save_object method of MainUtils class
[ 2025-01-11 04:58:03,726 ] 46 root - INFO - Entered the save_object method of MainUtils class
[ 2025-01-11 04:58:03,726 ] 50 root - INFO - Exited the save_object method of MainUtils class
[ 2025-01-11 04:58:03,726 ] 46 root - INFO - Entered the save_object method of MainUtils class
[ 2025-01-11 04:58:03,789 ] 50 root - INFO - Exited the save_object method of MainUtils class
[ 2025-01-11 04:58:03,805 ] 152 root - INFO - Model trainer artifact: ModelTrainerArtifact(trained_model_file_path='Artifacts\\01_11_2025_04_50_46\\model_trainer\\trained_model\\model.pkl', train_metric_artifact=ClassificationMetricArtifact(f1_score=0.9909200968523002, precision_score=0.9881287726358149, recall_score=0.9937272359368676), test_metric_artifact=ClassificationMetricArtifact(f1_score=0.9776513612352702, precision_score=0.9654895666131621, recall_score=0.9901234567901235))
