[ 2025-01-11 03:44:05,216 ] 1025 httpx - INFO - HTTP Request: GET https://dagshub.com/api/v1/user "HTTP/1.1 200 OK"
[ 2025-01-11 03:44:05,247 ] 107 dagshub - INFO - Accessing as munal
[ 2025-01-11 03:44:05,939 ] 1025 httpx - INFO - HTTP Request: GET https://dagshub.com/api/v1/repos/munal/network-security "HTTP/1.1 200 OK"
[ 2025-01-11 03:44:06,345 ] 1025 httpx - INFO - HTTP Request: GET https://dagshub.com/api/v1/user "HTTP/1.1 200 OK"
[ 2025-01-11 03:44:06,361 ] 107 dagshub - INFO - Initialized MLflow to track repo "munal/network-security"
[ 2025-01-11 03:44:06,361 ] 107 dagshub - INFO - Repository munal/network-security initialized!
[ 2025-01-11 03:44:06,394 ] 20 root - INFO - Initiate the data ingestion
[ 2025-01-11 03:44:14,875 ] 65 root - INFO - Performed train test split on the dataframe
[ 2025-01-11 03:44:14,875 ] 67 root - INFO - Exited split_data_as_train_test method of Data_Ingestion class
[ 2025-01-11 03:44:14,875 ] 75 root - INFO - Exporting train and test file path.
[ 2025-01-11 03:44:15,000 ] 84 root - INFO - Exported train and test file path.
[ 2025-01-11 03:44:15,000 ] 22 root - INFO - Data Initiation Completed
[ 2025-01-11 03:44:15,036 ] 26 root - INFO - Initiate the data Validation
[ 2025-01-11 03:44:15,091 ] 32 root - INFO - Required number of columns:2
[ 2025-01-11 03:44:15,091 ] 33 root - INFO - Data frame has columns:31
[ 2025-01-11 03:44:15,091 ] 32 root - INFO - Required number of columns:2
[ 2025-01-11 03:44:15,091 ] 33 root - INFO - Data frame has columns:31
[ 2025-01-11 03:44:15,423 ] 28 root - INFO - data Validation Completed
[ 2025-01-11 03:44:15,423 ] 31 root - INFO - data Transformation started
[ 2025-01-11 03:44:15,423 ] 63 root - INFO - Entered initiate_data_transformation method of DataTransformation class
[ 2025-01-11 03:44:15,423 ] 65 root - INFO - Starting data transformation
[ 2025-01-11 03:44:15,483 ] 48 root - INFO - Entered get_data_trnasformer_object method of Trnasformation class
[ 2025-01-11 03:44:15,483 ] 53 root - INFO - Initialise KNNImputer with {'missing_values': nan, 'n_neighbors': 3, 'weights': 'uniform'}
[ 2025-01-11 03:44:15,508 ] 46 root - INFO - Entered the save_object method of MainUtils class
[ 2025-01-11 03:44:15,516 ] 50 root - INFO - Exited the save_object method of MainUtils class
[ 2025-01-11 03:44:15,516 ] 46 root - INFO - Entered the save_object method of MainUtils class
[ 2025-01-11 03:44:15,516 ] 50 root - INFO - Exited the save_object method of MainUtils class
[ 2025-01-11 03:44:15,524 ] 35 root - INFO - data Transformation completed
[ 2025-01-11 03:44:15,524 ] 36 root - INFO - Model Training stared
