[ 2025-01-11 03:48:50,009 ] 1025 httpx - INFO - HTTP Request: GET https://dagshub.com/api/v1/user "HTTP/1.1 200 OK"
[ 2025-01-11 03:48:50,040 ] 107 dagshub - INFO - Accessing as munal
[ 2025-01-11 03:48:50,627 ] 1025 httpx - INFO - HTTP Request: GET https://dagshub.com/api/v1/repos/munal/network-security "HTTP/1.1 200 OK"
[ 2025-01-11 03:48:51,057 ] 1025 httpx - INFO - HTTP Request: GET https://dagshub.com/api/v1/user "HTTP/1.1 200 OK"
[ 2025-01-11 03:48:51,073 ] 107 dagshub - INFO - Initialized MLflow to track repo "munal/network-security"
[ 2025-01-11 03:48:51,073 ] 107 dagshub - INFO - Repository munal/network-security initialized!
[ 2025-01-11 03:48:51,073 ] 20 root - INFO - Initiate the data ingestion
[ 2025-01-11 03:49:04,604 ] 65 root - INFO - Performed train test split on the dataframe
[ 2025-01-11 03:49:04,604 ] 67 root - INFO - Exited split_data_as_train_test method of Data_Ingestion class
[ 2025-01-11 03:49:04,612 ] 75 root - INFO - Exporting train and test file path.
[ 2025-01-11 03:49:04,839 ] 84 root - INFO - Exported train and test file path.
[ 2025-01-11 03:49:04,839 ] 22 root - INFO - Data Initiation Completed
[ 2025-01-11 03:49:04,876 ] 26 root - INFO - Initiate the data Validation
[ 2025-01-11 03:49:04,940 ] 32 root - INFO - Required number of columns:2
[ 2025-01-11 03:49:04,940 ] 33 root - INFO - Data frame has columns:31
[ 2025-01-11 03:49:04,940 ] 32 root - INFO - Required number of columns:2
[ 2025-01-11 03:49:04,940 ] 33 root - INFO - Data frame has columns:31
[ 2025-01-11 03:49:05,322 ] 28 root - INFO - data Validation Completed
[ 2025-01-11 03:49:05,322 ] 31 root - INFO - data Transformation started
[ 2025-01-11 03:49:05,322 ] 63 root - INFO - Entered initiate_data_transformation method of DataTransformation class
[ 2025-01-11 03:49:05,322 ] 65 root - INFO - Starting data transformation
[ 2025-01-11 03:49:05,370 ] 48 root - INFO - Entered get_data_trnasformer_object method of Trnasformation class
[ 2025-01-11 03:49:05,370 ] 53 root - INFO - Initialise KNNImputer with {'missing_values': nan, 'n_neighbors': 3, 'weights': 'uniform'}
[ 2025-01-11 03:49:05,403 ] 46 root - INFO - Entered the save_object method of MainUtils class
[ 2025-01-11 03:49:05,411 ] 50 root - INFO - Exited the save_object method of MainUtils class
[ 2025-01-11 03:49:05,411 ] 46 root - INFO - Entered the save_object method of MainUtils class
[ 2025-01-11 03:49:05,421 ] 50 root - INFO - Exited the save_object method of MainUtils class
[ 2025-01-11 03:49:05,423 ] 35 root - INFO - data Transformation completed
[ 2025-01-11 03:49:05,423 ] 36 root - INFO - Model Training stared
