[ 2025-01-11 04:24:59,213 ] 1025 httpx - INFO - HTTP Request: GET https://dagshub.com/api/v1/user "HTTP/1.1 200 OK"
[ 2025-01-11 04:24:59,229 ] 107 dagshub - INFO - Accessing as munal
[ 2025-01-11 04:24:59,635 ] 1025 httpx - INFO - HTTP Request: GET https://dagshub.com/api/v1/repos/munal/network-security "HTTP/1.1 200 OK"
[ 2025-01-11 04:25:00,010 ] 1025 httpx - INFO - HTTP Request: GET https://dagshub.com/api/v1/user "HTTP/1.1 200 OK"
[ 2025-01-11 04:25:00,017 ] 107 dagshub - INFO - Initialized MLflow to track repo "munal/network-security"
[ 2025-01-11 04:25:00,032 ] 107 dagshub - INFO - Repository munal/network-security initialized!
[ 2025-01-11 04:25:00,032 ] 20 root - INFO - Initiate the data ingestion
[ 2025-01-11 04:25:07,616 ] 65 root - INFO - Performed train test split on the dataframe
[ 2025-01-11 04:25:07,616 ] 67 root - INFO - Exited split_data_as_train_test method of Data_Ingestion class
[ 2025-01-11 04:25:07,616 ] 75 root - INFO - Exporting train and test file path.
[ 2025-01-11 04:25:07,742 ] 84 root - INFO - Exported train and test file path.
[ 2025-01-11 04:25:07,742 ] 22 root - INFO - Data Initiation Completed
[ 2025-01-11 04:25:07,758 ] 26 root - INFO - Initiate the data Validation
[ 2025-01-11 04:25:07,827 ] 32 root - INFO - Required number of columns:2
[ 2025-01-11 04:25:07,828 ] 33 root - INFO - Data frame has columns:31
[ 2025-01-11 04:25:07,828 ] 32 root - INFO - Required number of columns:2
[ 2025-01-11 04:25:07,828 ] 33 root - INFO - Data frame has columns:31
[ 2025-01-11 04:25:08,152 ] 28 root - INFO - data Validation Completed
[ 2025-01-11 04:25:08,167 ] 31 root - INFO - data Transformation started
[ 2025-01-11 04:25:08,167 ] 63 root - INFO - Entered initiate_data_transformation method of DataTransformation class
[ 2025-01-11 04:25:08,167 ] 65 root - INFO - Starting data transformation
[ 2025-01-11 04:25:08,226 ] 48 root - INFO - Entered get_data_trnasformer_object method of Trnasformation class
[ 2025-01-11 04:25:08,226 ] 53 root - INFO - Initialise KNNImputer with {'missing_values': nan, 'n_neighbors': 3, 'weights': 'uniform'}
[ 2025-01-11 04:25:08,259 ] 46 root - INFO - Entered the save_object method of MainUtils class
[ 2025-01-11 04:25:08,265 ] 50 root - INFO - Exited the save_object method of MainUtils class
[ 2025-01-11 04:25:08,265 ] 46 root - INFO - Entered the save_object method of MainUtils class
[ 2025-01-11 04:25:08,271 ] 50 root - INFO - Exited the save_object method of MainUtils class
[ 2025-01-11 04:25:08,275 ] 35 root - INFO - data Transformation completed
[ 2025-01-11 04:25:08,276 ] 36 root - INFO - Model Training stared
[ 2025-01-11 04:30:01,105 ] 46 root - INFO - Entered the save_object method of MainUtils class
[ 2025-01-11 04:30:01,120 ] 50 root - INFO - Exited the save_object method of MainUtils class
[ 2025-01-11 04:30:01,120 ] 46 root - INFO - Entered the save_object method of MainUtils class
[ 2025-01-11 04:30:01,239 ] 50 root - INFO - Exited the save_object method of MainUtils class
[ 2025-01-11 04:30:01,239 ] 152 root - INFO - Model trainer artifact: ModelTrainerArtifact(trained_model_file_path='Artifacts\\01_11_2025_04_24_48\\model_trainer\\trained_model\\model.pkl', train_metric_artifact=ClassificationMetricArtifact(f1_score=0.9922575387123065, precision_score=0.9908443540183113, recall_score=0.9936747602530096), test_metric_artifact=ClassificationMetricArtifact(f1_score=0.9694323144104804, precision_score=0.9667458432304038, recall_score=0.9721337579617835))
[ 2025-01-11 04:30:01,255 ] 41 root - INFO - Model Training artifact created
